#
# There is insufficient memory for the Java Runtime Environment to continue.
# Native memory allocation (mmap) failed to map 67108864 bytes. Error detail: G1 virtual space
# Possible reasons:
#   The system is out of physical RAM or swap space
#   This process is running with CompressedOops enabled, and the Java Heap may be blocking the growth of the native heap
# Possible solutions:
#   Reduce memory load on the system
#   Increase physical memory or swap space
#   Check if swap backing store is full
#   Decrease Java heap size (-Xmx/-Xms)
#   Decrease number of Java threads
#   Decrease Java thread stack sizes (-Xss)
#   Set larger code cache with -XX:ReservedCodeCacheSize=
#   JVM is running with Unscaled Compressed Oops mode in which the Java heap is
#     placed in the first 4GB address space. The Java Heap base address is the
#     maximum limit for the native heap growth. Please use -XX:HeapBaseMinAddress
#     to set the Java Heap base and to place the Java Heap above 4GB virtual address.
# This output file may be truncated or incomplete.
#
#  Out of Memory Error (os_windows.cpp:3828), pid=7704, tid=8808
#
# JRE version:  (21.0.5) (build )
# Java VM: OpenJDK 64-Bit Server VM (21.0.5+-13047016-b750.29, mixed mode, sharing, tiered, compressed oops, compressed class ptrs, g1 gc, windows-amd64)
# No core dump will be written. Minidumps are not enabled by default on client versions of Windows
#

---------------  S U M M A R Y ------------

Command Line: 

Host: 12th Gen Intel(R) Core(TM) i5-12500H, 4 cores, 3G,  Windows 10 , 64 bit Build 19041 (10.0.19041.5438)
Time: Tue Apr  8 12:22:44 2025 India Standard Time elapsed time: 0.021586 seconds (0d 0h 0m 0s)

---------------  T H R E A D  ---------------

Current thread (0x000001c1fcf7c4f0):  JavaThread "Unknown thread" [_thread_in_vm, id=8808, stack(0x0000003ed7800000,0x0000003ed7900000) (1024K)]

Stack: [0x0000003ed7800000,0x0000003ed7900000]
Native frames: (J=compiled Java code, j=interpreted, Vv=VM code, C=native code)
V  [jvm.dll+0x6cfb29]
V  [jvm.dll+0x85df93]
V  [jvm.dll+0x8604ee]
V  [jvm.dll+0x860bd3]
V  [jvm.dll+0x27e6b6]
V  [jvm.dll+0x6cc385]
V  [jvm.dll+0x6c078a]
V  [jvm.dll+0x35525b]
V  [jvm.dll+0x35ceb6]
V  [jvm.dll+0x3aedd6]
V  [jvm.dll+0x3af0a8]
V  [jvm.dll+0x32792c]
V  [jvm.dll+0x32861b]
V  [jvm.dll+0x8259d9]
V  [jvm.dll+0x3bbfa8]
V  [jvm.dll+0x80ec88]
V  [jvm.dll+0x45015e]
V  [jvm.dll+0x4518c1]
C  [jli.dll+0x52ab]
C  [ucrtbase.dll+0x21bb2]
C  [KERNEL32.DLL+0x17374]
C  [ntdll.dll+0x4cc91]


---------------  P R O C E S S  ---------------

Threads class SMR info:
_java_thread_list=0x00007ffaa9e60808, length=0, elements={
}

Java Threads: ( => current thread )
Total: 0

Other Threads:
  0x000001c1ff1b32b0 WorkerThread "GC Thread#0"                     [id=8792, stack(0x0000003ed7900000,0x0000003ed7a00000) (1024K)]
  0x000001c1ff1bc290 ConcurrentGCThread "G1 Main Marker"            [id=9092, stack(0x0000003ed7a00000,0x0000003ed7b00000) (1024K)]
  0x000001c1ff1bcf00 WorkerThread "G1 Conc#0"                       [id=8812, stack(0x0000003ed7b00000,0x0000003ed7c00000) (1024K)]

[error occurred during error reporting (printing all threads), id 0xc0000005, EXCEPTION_ACCESS_VIOLATION (0xc0000005) at pc=0x00007ffaa965a967]
VM state: not at safepoint (not fully initialized)

VM Mutex/Monitor currently owned by a thread:  ([mutex/lock_event])
[0x00007ffaa9ecd460] Heap_lock - owner thread: 0x000001c1fcf7c4f0

Heap address: 0x00000000c0000000, size: 1024 MB, Compressed Oops mode: 32-bit

CDS archive(s) mapped at: [0x0000000000000000-0x0000000000000000-0x0000000000000000), size 0, SharedBaseAddress: 0x0000000800000000, ArchiveRelocationMode: 1.
Narrow klass base: 0x0000000000000000, Narrow klass shift: 0, Narrow klass range: 0x0

GC Precious Log:
 CardTable entry size: 512
 Card Set container configuration: InlinePtr #cards 5 size 8 Array Of Cards #cards 12 size 40 Howl #buckets 4 coarsen threshold 1843 Howl Bitmap #cards 512 size 80 coarsen threshold 460 Card regions per heap region 1 cards per card region 2048

Heap:
 garbage-first heap   total 0K, used 0K [0x00000000c0000000, 0x0000000100000000)
  region size 1024K, 0 young (0K), 0 survivors (0K)
 Metaspace       used 0K, committed 0K, reserved 0K
  class space    used 0K, committed 0K, reserved 0K

Heap Regions: E=young(eden), S=young(survivor), O=old, HS=humongous(starts), HC=humongous(continues), CS=collection set, F=free, TAMS=top-at-mark-start, PB=parsable bottom

Card table byte_map: [0x000001c1ff450000,0x000001c1ff650000] _byte_map_base: 0x000001c1fee50000

Marking Bits: (CMBitMap*) 0x000001c1ff1b39b0
 Bits: [0x000001c192090000, 0x000001c193090000)

GC Heap History (0 events):
No events

Dll operation events (1 events):
Event: 0.009 Loaded shared library C:\Program Files\Android Studio\jbr\bin\java.dll

Deoptimization events (0 events):
No events

Classes loaded (0 events):
No events

Classes unloaded (0 events):
No events

Classes redefined (0 events):
No events

Internal exceptions (0 events):
No events

ZGC Phase Switch (0 events):
No events

VM Operations (0 events):
No events

Memory protections (0 events):
No events

Nmethod flushes (0 events):
No events

Events (0 events):
No events


Dynamic libraries:
0x00007ff74f320000 - 0x00007ff74f32a000 	C:\Program Files\Android Studio\jbr\bin\java.EXE
0x00007ffad3450000 - 0x00007ffad3648000 	C:\Windows\SYSTEM32\ntdll.dll
0x00007ffad1ea0000 - 0x00007ffad1f62000 	C:\Windows\System32\KERNEL32.DLL
0x00007ffad0ee0000 - 0x00007ffad11df000 	C:\Windows\System32\KERNELBASE.dll
0x00007ffad0bb0000 - 0x00007ffad0cb0000 	C:\Windows\System32\ucrtbase.dll
0x00007fface180000 - 0x00007fface198000 	C:\Program Files\Android Studio\jbr\bin\jli.dll
0x00007ffad2150000 - 0x00007ffad22ed000 	C:\Windows\System32\USER32.dll
0x00007ffad0cb0000 - 0x00007ffad0cd2000 	C:\Windows\System32\win32u.dll
0x00007ffad14a0000 - 0x00007ffad14cb000 	C:\Windows\System32\GDI32.dll
0x00007ffad1350000 - 0x00007ffad146a000 	C:\Windows\System32\gdi32full.dll
0x00007ffad0ce0000 - 0x00007ffad0d7d000 	C:\Windows\System32\msvcp_win.dll
0x00007ffacdee0000 - 0x00007ffacdefb000 	C:\Program Files\Android Studio\jbr\bin\VCRUNTIME140.dll
0x00007ffab6f30000 - 0x00007ffab71ca000 	C:\Windows\WinSxS\amd64_microsoft.windows.common-controls_6595b64144ccf1df_6.0.19041.4355_none_60b8b9eb71f62e16\COMCTL32.dll
0x00007ffad14d0000 - 0x00007ffad156e000 	C:\Windows\System32\msvcrt.dll
0x00007ffad1470000 - 0x00007ffad149f000 	C:\Windows\System32\IMM32.DLL
0x00007fface170000 - 0x00007fface17c000 	C:\Program Files\Android Studio\jbr\bin\vcruntime140_1.dll
0x00007ffabcfd0000 - 0x00007ffabd05d000 	C:\Program Files\Android Studio\jbr\bin\msvcp140.dll
0x00007ffaa9320000 - 0x00007ffaa9faa000 	C:\Program Files\Android Studio\jbr\bin\server\jvm.dll
0x00007ffad3290000 - 0x00007ffad333f000 	C:\Windows\System32\ADVAPI32.dll
0x00007ffad3370000 - 0x00007ffad340f000 	C:\Windows\System32\sechost.dll
0x00007ffad2020000 - 0x00007ffad2143000 	C:\Windows\System32\RPCRT4.dll
0x00007ffad1290000 - 0x00007ffad12b7000 	C:\Windows\System32\bcrypt.dll
0x00007ffad2fb0000 - 0x00007ffad301b000 	C:\Windows\System32\WS2_32.dll
0x00007ffad0950000 - 0x00007ffad099b000 	C:\Windows\SYSTEM32\POWRPROF.dll
0x00007ffac7590000 - 0x00007ffac75b7000 	C:\Windows\SYSTEM32\WINMM.dll
0x00007ffac75c0000 - 0x00007ffac75ca000 	C:\Windows\SYSTEM32\VERSION.dll
0x00007ffad0930000 - 0x00007ffad0942000 	C:\Windows\SYSTEM32\UMPDC.dll
0x00007fface990000 - 0x00007fface9a2000 	C:\Windows\SYSTEM32\kernel.appcore.dll
0x00007ffacded0000 - 0x00007ffacdeda000 	C:\Program Files\Android Studio\jbr\bin\jimage.dll
0x00007ffac53f0000 - 0x00007ffac55d4000 	C:\Windows\SYSTEM32\DBGHELP.DLL
0x00007ffac5020000 - 0x00007ffac5054000 	C:\Windows\SYSTEM32\dbgcore.DLL
0x00007ffad12c0000 - 0x00007ffad1342000 	C:\Windows\System32\bcryptPrimitives.dll
0x00007ffacdeb0000 - 0x00007ffacded0000 	C:\Program Files\Android Studio\jbr\bin\java.dll

dbghelp: loaded successfully - version: 4.0.5 - missing functions: none
symbol engine: initialized successfully - sym options: 0x614 - pdb path: .;C:\Program Files\Android Studio\jbr\bin;C:\Windows\SYSTEM32;C:\Windows\WinSxS\amd64_microsoft.windows.common-controls_6595b64144ccf1df_6.0.19041.4355_none_60b8b9eb71f62e16;C:\Program Files\Android Studio\jbr\bin\server

VM Arguments:
java_command: <unknown>
java_class_path (initial): <not set>
Launcher Type: SUN_STANDARD

[Global flags]
     intx CICompilerCount                          = 3                                         {product} {ergonomic}
     uint ConcGCThreads                            = 1                                         {product} {ergonomic}
     uint G1ConcRefinementThreads                  = 4                                         {product} {ergonomic}
   size_t G1HeapRegionSize                         = 1048576                                   {product} {ergonomic}
    uintx GCDrainStackTargetSize                   = 64                                        {product} {ergonomic}
   size_t InitialHeapSize                          = 67108864                                  {product} {ergonomic}
   size_t MarkStackSize                            = 4194304                                   {product} {ergonomic}
   size_t MaxHeapSize                              = 1073741824                                {product} {ergonomic}
   size_t MinHeapDeltaBytes                        = 1048576                                   {product} {ergonomic}
   size_t MinHeapSize                              = 8388608                                   {product} {ergonomic}
    uintx NonNMethodCodeHeapSize                   = 5832780                                {pd product} {ergonomic}
    uintx NonProfiledCodeHeapSize                  = 122912730                              {pd product} {ergonomic}
    uintx ProfiledCodeHeapSize                     = 122912730                              {pd product} {ergonomic}
    uintx ReservedCodeCacheSize                    = 251658240                              {pd product} {ergonomic}
     bool SegmentedCodeCache                       = true                                      {product} {ergonomic}
   size_t SoftMaxHeapSize                          = 1073741824                             {manageable} {ergonomic}
     bool UseCompressedOops                        = true                           {product lp64_product} {ergonomic}
     bool UseG1GC                                  = true                                      {product} {ergonomic}
     bool UseLargePagesIndividualAllocation        = false                                  {pd product} {ergonomic}

Logging:
Log output configuration:
 #0: stdout all=warning uptime,level,tags foldmultilines=false
 #1: stderr all=off uptime,level,tags foldmultilines=false

Environment Variables:
PATH=C:\flutter\src\flutter\bin\;C:\Windows\system32;C:\Windows;C:\Windows\System32\Wbem;C:\Windows\System32\WindowsPowerShell\v1.0\;C:\Windows\System32\OpenSSH\;C:\Program Files\Git\cmd;C:\Users\SANJEETH\AppData\Local\Programs\Python\Launcher\;C:\Users\SANJEETH\AppData\Local\Microsoft\WindowsApps;C:\Users\SANJEETH\AppData\Local\Programs\Microsoft VS Code\bin;C:\flutter\src\flutter\bin;C:\Users\SANJEETH\AppData\Local\Pub\Cache\bin;C:\Program Files\nodejs;C:\Users\YourUsername\AppData\Roaming\npm;C:\Program Files\Git\bin;C:\Program Files\Git\cmd;C:\Users\SANJEETH\AppData\Local\Pub\Cache\bin;;C:\flutter\src\flutter\bin\mingit\cmd
USERNAME=SANJEETH
LANG=en_US.UTF-8
OS=Windows_NT
PROCESSOR_IDENTIFIER=Intel64 Family 6 Model 154 Stepping 3, GenuineIntel
TMP=C:\Users\SANJEETH\AppData\Local\Temp
TEMP=C:\Users\SANJEETH\AppData\Local\Temp




Periodic native trim disabled

JNI global refs:
JNI global refs: 0, weak refs: 0

JNI global refs memory usage: 0, weak refs: 0

Process memory usage:
Resident Set Size: 10448K (0% of 4193332K total physical memory with 196920K free physical memory)

OOME stack traces (most recent first):
Classloader memory used:

---------------  S Y S T E M  ---------------

OS:
 Windows 10 , 64 bit Build 19041 (10.0.19041.5438)
OS uptime: 0 days 2:54 hours
VMWare virtualization detected

CPU: total 4 (initial active 4) (2 cores per cpu, 1 threads per core) family 6 model 154 stepping 3 microcode 0xffffffff, cx8, cmov, fxsr, mmx, 3dnowpref, sse, sse2, sse3, ssse3, sse4.1, sse4.2, popcnt, lzcnt, tsc, tscinvbit, avx, avx2, aes, erms, clmul, bmi1, bmi2, adx, sha, fma, vzeroupper, clflush, clflushopt, clwb, hv, serialize, rdtscp, rdpid, fsrm, f16c
Processor Information for all 4 processors :
  Max Mhz: 3110, Current Mhz: 3110, Mhz Limit: 3110

Memory: 4k page, system-wide physical 4095M (192M free)
TotalPageFile size 8740M (AvailPageFile size 45M)
current process WorkingSet (physical memory assigned to process): 10M, peak: 10M
current process commit charge ("private bytes"): 51M, peak: 115M

vm_info: OpenJDK 64-Bit Server VM (21.0.5+-13047016-b750.29) for windows-amd64 JRE (21.0.5+-13047016-b750.29), built on 2025-02-11T21:12:39Z by "builder" with MS VC++ 16.10 / 16.11 (VS2019)

END.
